<?xml version="1.0" encoding="UTF-8"?>
<testng-results ignored="0" total="0" passed="0" failed="0" skipped="0">
  <reporter-output>
  </reporter-output>
  <suite started-at="2024-04-28T23:14:37 IST" name="Suite" finished-at="2024-04-28T23:14:37 IST" duration-ms="173">
    <groups>
      <group name="cucumber">
        <method signature="AbstractTestNGCucumberTests.runScenario(io.cucumber.testng.PickleWrapper,io.cucumber.testng.FeatureWrapper)[pri:0, instance:uiappfeature.RunnerSearchBtton@5d0bf09b]" name="runScenario" class="io.cucumber.testng.AbstractTestNGCucumberTests"/>
      </group> <!-- cucumber -->
    </groups>
    <test started-at="2024-04-28T23:14:37 IST" name="Test" finished-at="2024-04-28T23:14:37 IST" duration-ms="173">
      <class name="uiappfeature.RunnerSearchBtton">
        <test-method is-config="true" signature="setUpClass(org.testng.ITestContext)[pri:0, instance:uiappfeature.RunnerSearchBtton@5d0bf09b]" started-at="2024-04-28T23:14:37 IST" name="setUpClass" finished-at="2024-04-28T23:14:37 IST" duration-ms="143" status="PASS">
          <params>
            <param index="0">
              <value>
                <![CDATA[org.testng.TestRunner@4df5bcb4]]>
              </value>
            </param>
          </params>
          <reporter-output>
          </reporter-output>
        </test-method> <!-- setUpClass -->
        <test-method is-config="true" signature="tearDownClass()[pri:0, instance:uiappfeature.RunnerSearchBtton@5d0bf09b]" started-at="2024-04-28T23:14:37 IST" name="tearDownClass" finished-at="2024-04-28T23:14:37 IST" duration-ms="1" status="PASS">
          <reporter-output>
          </reporter-output>
        </test-method> <!-- tearDownClass -->
      </class> <!-- uiappfeature.RunnerSearchBtton -->
    </test> <!-- Test -->
  </suite> <!-- Suite -->
</testng-results>
