<?xml version="1.0" encoding="UTF-8"?>
<!-- Generated by org.testng.reporters.JUnitReportReporter -->
<testsuite hostname="DESKTOP-5EVK54D" failures="0" tests="3" name="runner.ScenarioOutlineRunner" time="0.730" errors="1" timestamp="2024-04-15T07:09:56 IST" skipped="0">
  <testcase classname="runner.ScenarioOutlineRunner" name="runScenario" time="0.107">
    <error type="java.lang.NullPointerException">
      <![CDATA[java.lang.NullPointerException
at steps.ScenarioOutlineSteps.user_enters_the_age(ScenarioOutlineSteps.java:25)
at ✽.user enters the age 25(file:///F:/Desktop/VimanNagar/May%2021/ATT6AprBDDCucumberBasics/src/test/resources/appfeatures/ScenarioOutline.feature:8)
]]>
    </error>
  </testcase> <!-- runScenario -->
  <system-out/>
  <testcase classname="runner.ScenarioOutlineRunner" name="runScenario" time="0.083"/>
  <system-out/>
  <testcase classname="runner.ScenarioOutlineRunner" name="runScenario" time="0.540"/>
  <system-out/>
</testsuite> <!-- runner.ScenarioOutlineRunner -->
